# JRE version: OpenJDK Runtime Environment (8.0_242-b01) (build 1.8.0_242-release-1644-b01)
# Java VM: OpenJDK 64-Bit Server VM (25.242-b01 mixed mode windows-amd64 compressed oops)
Heap:
 PSYoungGen      total 310272K, used 88306K [0x00000000d5580000, 0x00000000ecc80000, 0x0000000100000000)
  eden space 285184K, 22% used [0x00000000d5580000,0x00000000d935e450,0x00000000e6c00000)
  from space 25088K, 99% used [0x00000000eb400000,0x00000000ecc5e670,0x00000000ecc80000)
  to   space 28672K, 0% used [0x00000000e9480000,0x00000000e9480000,0x00000000eb080000)
 ParOldGen       total 196096K, used 61274K [0x0000000080000000, 0x000000008bf80000, 0x00000000d5580000)
  object space 196096K, 31% used [0x0000000080000000,0x0000000083bd6be0,0x000000008bf80000)
 Metaspace       used 109350K, capacity 114542K, committed 114708K, reserved 1148928K
  class space    used 14059K, capacity 15089K, committed 15164K, reserved 1048576K
GC Heap History (10 events):
Event: 28.194 GC heap before
{Heap before GC invocations=20 (full 3):
 PSYoungGen      total 282112K, used 272149K [0x00000000d5580000, 0x00000000e8780000, 0x0000000100000000)
  eden space 259072K, 100% used [0x00000000d5580000,0x00000000e5280000,0x00000000e5280000)
  from space 23040K, 56% used [0x00000000e7100000,0x00000000e7dc54c0,0x00000000e8780000)
  to   space 27136K, 0% used [0x00000000e5280000,0x00000000e5280000,0x00000000e6d00000)
 ParOldGen       total 125952K, used 56378K [0x0000000080000000, 0x0000000087b00000, 0x00000000d5580000)
  object space 125952K, 44% used [0x0000000080000000,0x000000008370eb30,0x0000000087b00000)
 Metaspace       used 92824K, capacity 96972K, committed 97172K, reserved 1134592K
  class space    used 12184K, capacity 12971K, committed 12988K, reserved 1048576K
Event: 28.216 GC heap after
Heap after GC invocations=20 (full 3):
 PSYoungGen      total 286208K, used 9246K [0x00000000d5580000, 0x00000000eac00000, 0x0000000100000000)
  eden space 259072K, 0% used [0x00000000d5580000,0x00000000d5580000,0x00000000e5280000)
  from space 27136K, 34% used [0x00000000e5280000,0x00000000e5b878c0,0x00000000e6d00000)
  to   space 26112K, 0% used [0x00000000e9280000,0x00000000e9280000,0x00000000eac00000)
 ParOldGen       total 125952K, used 56378K [0x0000000080000000, 0x0000000087b00000, 0x00000000d5580000)
  object space 125952K, 44% used [0x0000000080000000,0x000000008370eb30,0x0000000087b00000)
 Metaspace       used 92824K, capacity 96972K, committed 97172K, reserved 1134592K
  class space    used 12184K, capacity 12971K, committed 12988K, reserved 1048576K
}
Event: 31.028 GC heap before
{Heap before GC invocations=21 (full 3):
 PSYoungGen      total 286208K, used 250083K [0x00000000d5580000, 0x00000000eac00000, 0x0000000100000000)
  eden space 259072K, 92% used [0x00000000d5580000,0x00000000e40b14d0,0x00000000e5280000)
  from space 27136K, 34% used [0x00000000e5280000,0x00000000e5b878c0,0x00000000e6d00000)
  to   space 26112K, 0% used [0x00000000e9280000,0x00000000e9280000,0x00000000eac00000)
 ParOldGen       total 125952K, used 56378K [0x0000000080000000, 0x0000000087b00000, 0x00000000d5580000)
  object space 125952K, 44% used [0x0000000080000000,0x000000008370eb30,0x0000000087b00000)
 Metaspace       used 94054K, capacity 98272K, committed 98324K, reserved 1134592K
  class space    used 12308K, capacity 13093K, committed 13116K, reserved 1048576K
Event: 31.049 GC heap after
Heap after GC invocations=21 (full 3):
 PSYoungGen      total 316416K, used 10600K [0x00000000d5580000, 0x00000000ea700000, 0x0000000100000000)
  eden space 295424K, 0% used [0x00000000d5580000,0x00000000d5580000,0x00000000e7600000)
  from space 20992K, 50% used [0x00000000e9280000,0x00000000e9cda0e8,0x00000000ea700000)
  to   space 25088K, 0% used [0x00000000e7600000,0x00000000e7600000,0x00000000e8e80000)
 ParOldGen       total 125952K, used 56386K [0x0000000080000000, 0x0000000087b00000, 0x00000000d5580000)
  object space 125952K, 44% used [0x0000000080000000,0x0000000083710b30,0x0000000087b00000)
 Metaspace       used 94054K, capacity 98272K, committed 98324K, reserved 1134592K
  class space    used 12308K, capacity 13093K, committed 13116K, reserved 1048576K
}
Event: 31.049 GC heap before
{Heap before GC invocations=22 (full 4):
 PSYoungGen      total 316416K, used 10600K [0x00000000d5580000, 0x00000000ea700000, 0x0000000100000000)
  eden space 295424K, 0% used [0x00000000d5580000,0x00000000d5580000,0x00000000e7600000)
  from space 20992K, 50% used [0x00000000e9280000,0x00000000e9cda0e8,0x00000000ea700000)
  to   space 25088K, 0% used [0x00000000e7600000,0x00000000e7600000,0x00000000e8e80000)
 ParOldGen       total 125952K, used 56386K [0x0000000080000000, 0x0000000087b00000, 0x00000000d5580000)
  object space 125952K, 44% used [0x0000000080000000,0x0000000083710b30,0x0000000087b00000)
 Metaspace       used 94054K, capacity 98272K, committed 98324K, reserved 1134592K
  class space    used 12308K, capacity 13093K, committed 13116K, reserved 1048576K
Event: 31.271 GC heap after
Heap after GC invocations=22 (full 4):
 PSYoungGen      total 316416K, used 0K [0x00000000d5580000, 0x00000000ea700000, 0x0000000100000000)
  eden space 295424K, 0% used [0x00000000d5580000,0x00000000d5580000,0x00000000e7600000)
  from space 20992K, 0% used [0x00000000e9280000,0x00000000e9280000,0x00000000ea700000)
  to   space 25088K, 0% used [0x00000000e7600000,0x00000000e7600000,0x00000000e8e80000)
 ParOldGen       total 196096K, used 61258K [0x0000000080000000, 0x000000008bf80000, 0x00000000d5580000)
  object space 196096K, 31% used [0x0000000080000000,0x0000000083bd2be0,0x000000008bf80000)
 Metaspace       used 93573K, capacity 97392K, committed 98324K, reserved 1134592K
  class space    used 12209K, capacity 12917K, committed 13116K, reserved 1048576K
}
Event: 463.911 GC heap before
{Heap before GC invocations=23 (full 4):
 PSYoungGen      total 316416K, used 295424K [0x00000000d5580000, 0x00000000ea700000, 0x0000000100000000)
  eden space 295424K, 100% used [0x00000000d5580000,0x00000000e7600000,0x00000000e7600000)
  from space 20992K, 0% used [0x00000000e9280000,0x00000000e9280000,0x00000000ea700000)
  to   space 25088K, 0% used [0x00000000e7600000,0x00000000e7600000,0x00000000e8e80000)
 ParOldGen       total 196096K, used 61258K [0x0000000080000000, 0x000000008bf80000, 0x00000000d5580000)
  object space 196096K, 31% used [0x0000000080000000,0x0000000083bd2be0,0x000000008bf80000)
 Metaspace       used 99795K, capacity 104260K, committed 104596K, reserved 1140736K
  class space    used 12804K, capacity 13614K, committed 13756K, reserved 1048576K
Event: 463.927 GC heap after
Heap after GC invocations=23 (full 4):
 PSYoungGen      total 320512K, used 16294K [0x00000000d5580000, 0x00000000ecd00000, 0x0000000100000000)
  eden space 295424K, 0% used [0x00000000d5580000,0x00000000d5580000,0x00000000e7600000)
  from space 25088K, 64% used [0x00000000e7600000,0x00000000e85e9a70,0x00000000e8e80000)
  to   space 25600K, 0% used [0x00000000eb400000,0x00000000eb400000,0x00000000ecd00000)
 ParOldGen       total 196096K, used 61266K [0x0000000080000000, 0x000000008bf80000, 0x00000000d5580000)
  object space 196096K, 31% used [0x0000000080000000,0x0000000083bd4be0,0x000000008bf80000)
 Metaspace       used 99795K, capacity 104260K, committed 104596K, reserved 1140736K
  class space    used 12804K, capacity 13614K, committed 13756K, reserved 1048576K
}
Event: 1401.211 GC heap before
{Heap before GC invocations=24 (full 4):
 PSYoungGen      total 320512K, used 311718K [0x00000000d5580000, 0x00000000ecd00000, 0x0000000100000000)
  eden space 295424K, 100% used [0x00000000d5580000,0x00000000e7600000,0x00000000e7600000)
  from space 25088K, 64% used [0x00000000e7600000,0x00000000e85e9a70,0x00000000e8e80000)
  to   space 25600K, 0% used [0x00000000eb400000,0x00000000eb400000,0x00000000ecd00000)
 ParOldGen       total 196096K, used 61266K [0x0000000080000000, 0x000000008bf80000, 0x00000000d5580000)
  object space 196096K, 31% used [0x0000000080000000,0x0000000083bd4be0,0x000000008bf80000)
 Metaspace       used 109160K, capacity 114282K, committed 114452K, reserved 1148928K
  class space    used 14039K, capacity 15051K, committed 15164K, reserved 1048576K
Event: 1401.575 GC heap after
Heap after GC invocations=24 (full 4):
 PSYoungGen      total 310272K, used 24953K [0x00000000d5580000, 0x00000000ecc80000, 0x0000000100000000)
  eden space 285184K, 0% used [0x00000000d5580000,0x00000000d5580000,0x00000000e6c00000)
  from space 25088K, 99% used [0x00000000eb400000,0x00000000ecc5e670,0x00000000ecc80000)
  to   space 28672K, 0% used [0x00000000e9480000,0x00000000e9480000,0x00000000eb080000)
 ParOldGen       total 196096K, used 61274K [0x0000000080000000, 0x000000008bf80000, 0x00000000d5580000)
  object space 196096K, 31% used [0x0000000080000000,0x0000000083bd6be0,0x000000008bf80000)
 Metaspace       used 109160K, capacity 114282K, committed 114452K, reserved 1148928K
  class space    used 14039K, capacity 15051K, committed 15164K, reserved 1048576K
}

